[01m[K/home/nics/Drone/BambiplayGit-Fast-Drone-250-tuned_simulation/src/uwb/src/playground.cpp:[m[K In constructor â€˜[01m[KUwbSimNode::UwbSimNode()[m[Kâ€™:
[01m[K/home/nics/Drone/BambiplayGit-Fast-Drone-250-tuned_simulation/src/uwb/src/playground.cpp:91:31:[m[K [01;31m[Kerror: [m[Kâ€˜[01m[KmyQuanternion[m[Kâ€™ was not declared in this scope; did you mean â€˜[01m[KmyQuaternion[m[Kâ€™?
   91 |     tf2::Quaternion newpose = [01;31m[KmyQuanternion[m[K * pose * myQuaternion.inverse();
      |                               [01;31m[K^~~~~~~~~~~~~[m[K
      |                               [32m[KmyQuaternion[m[K
make[2]: *** [CMakeFiles/playground.dir/build.make:63: CMakeFiles/playground.dir/src/playground.cpp.o] Error 1
make[1]: *** [CMakeFiles/Makefile2:783: CMakeFiles/playground.dir/all] Error 2
make: *** [Makefile:141: all] Error 2
